d:\xmotion\x64\debug\vc120.pdb
d:\xmotion\x64\debug\vc120.idb
d:\xmotion\x64\debug\cameracelib.obj
d:\xmotion\x64\debug\colormap.obj
d:\xmotion\x64\debug\detect.obj
d:\xmotion\x64\debug\filter.obj
d:\xmotion\x64\debug\gamecommon.obj
d:\xmotion\x64\debug\main.obj
d:\xmotion\x64\debug\motiondetection.obj
d:\xmotion\bin\bodydet.ilk
d:\xmotion\bin\bodydet.exe
d:\xmotion\bin\bodydet.pdb
d:\xmotion\\bin\bodydet.pdb
d:\xmotion\\bin\bodydet.exe
d:\xmotion\\bin\bodydet.ilk
d:\xmotion\x64\debug\bodydet.tlog\cl.command.1.tlog
d:\xmotion\x64\debug\bodydet.tlog\cl.read.1.tlog
d:\xmotion\x64\debug\bodydet.tlog\cl.write.1.tlog
d:\xmotion\x64\debug\bodydet.tlog\link.command.1.tlog
d:\xmotion\x64\debug\bodydet.tlog\link.read.1.tlog
d:\xmotion\x64\debug\bodydet.tlog\link.write.1.tlog
