生成启动时间为 2018/11/27 14:55:42。
     1>项目“D:\xmotion\bodydet.vcxproj”在节点 2 上(Rebuild 个目标)。
     1>C:\Program Files (x86)\MSBuild\Microsoft.Cpp\v4.0\V120\Microsoft.CppBuild.targets(364,5): warning MSB8004: Output Directory does not end with a trailing slash.  This build instance will add the slash as it is required to allow proper evaluation of the Output Directory.
     1>ClCompile:
         C:\Program Files (x86)\Microsoft Visual Studio 12.0\VC\bin\x86_amd64\CL.exe /c /ID:\xmotion\\include /ID:\xmotion\\src /Zi /nologo /W3 /WX- /Od /D WIN32 /D _DEBUG /D _CONSOLE /D _LIB /D _UNICODE /D UNICODE /Gm /EHsc /RTC1 /MDd /GS /fp:precise /Zc:wchar_t /Zc:forScope /Fo"x64\Debug\\" /Fd"x64\Debug\vc120.pdb" /Gd /TP /errorReport:prompt src\cameraCelib.cpp src\detect.cpp src\gameCommon.cpp src\main.cpp src\motionDetection.cpp
         motionDetection.cpp
     1>D:\xmotion\include\tzk/opencv.h(232): warning C4244: “初始化”: 从“float”转换到“int”，可能丢失数据
     1>D:\xmotion\include\tzk/opencv.h(242): warning C4244: “初始化”: 从“float”转换到“int”，可能丢失数据
     1>D:\xmotion\include\tzk/opencv.h(243): warning C4244: “初始化”: 从“float”转换到“int”，可能丢失数据
     1>D:\xmotion\include\tzk/opencv.h(269): warning C4305: “参数”: 从“double”到“float”截断
     1>D:\xmotion\include\tzk/opencv.h(272): warning C4305: “参数”: 从“double”到“float”截断
     1>src\motionDetection.cpp(39): warning C4267: “=”: 从“size_t”转换到“int”，可能丢失数据
         main.cpp
     1>D:\xmotion\include\tzk/opencv.h(232): warning C4244: “初始化”: 从“float”转换到“int”，可能丢失数据
     1>D:\xmotion\include\tzk/opencv.h(242): warning C4244: “初始化”: 从“float”转换到“int”，可能丢失数据
     1>D:\xmotion\include\tzk/opencv.h(243): warning C4244: “初始化”: 从“float”转换到“int”，可能丢失数据
     1>D:\xmotion\include\tzk/opencv.h(269): warning C4305: “参数”: 从“double”到“float”截断
     1>D:\xmotion\include\tzk/opencv.h(272): warning C4305: “参数”: 从“double”到“float”截断
     1>d:\xmotion\src\colormap.hpp(23): warning C4244: “参数”: 从“double”转换到“float”，可能丢失数据
         gameCommon.cpp
     1>D:\xmotion\include\tzk/opencv.h(232): warning C4244: “初始化”: 从“float”转换到“int”，可能丢失数据
     1>D:\xmotion\include\tzk/opencv.h(242): warning C4244: “初始化”: 从“float”转换到“int”，可能丢失数据
     1>D:\xmotion\include\tzk/opencv.h(243): warning C4244: “初始化”: 从“float”转换到“int”，可能丢失数据
     1>D:\xmotion\include\tzk/opencv.h(269): warning C4305: “参数”: 从“double”到“float”截断
     1>D:\xmotion\include\tzk/opencv.h(272): warning C4305: “参数”: 从“double”到“float”截断
     1>src\gameCommon.cpp(50): warning C4267: “初始化”: 从“size_t”转换到“int”，可能丢失数据
     1>src\gameCommon.cpp(51): warning C4267: “初始化”: 从“size_t”转换到“int”，可能丢失数据
     1>src\gameCommon.cpp(94): warning C4267: “初始化”: 从“size_t”转换到“int”，可能丢失数据
     1>src\gameCommon.cpp(95): warning C4267: “初始化”: 从“size_t”转换到“int”，可能丢失数据
     1>src\gameCommon.cpp(97): warning C4267: “初始化”: 从“size_t”转换到“int”，可能丢失数据
     1>src\gameCommon.cpp(98): warning C4267: “初始化”: 从“size_t”转换到“int”，可能丢失数据
     1>src\gameCommon.cpp(143): warning C4267: “初始化”: 从“size_t”转换到“int”，可能丢失数据
     1>src\gameCommon.cpp(144): warning C4267: “初始化”: 从“size_t”转换到“int”，可能丢失数据
     1>src\gameCommon.cpp(145): warning C4267: “初始化”: 从“size_t”转换到“int”，可能丢失数据
     1>src\gameCommon.cpp(274): warning C4244: “初始化”: 从“float”转换到“int”，可能丢失数据
     1>src\gameCommon.cpp(275): warning C4244: “初始化”: 从“float”转换到“int”，可能丢失数据
     1>src\gameCommon.cpp(304): warning C4244: “=”: 从“int”转换到“float”，可能丢失数据
     1>src\gameCommon.cpp(308): warning C4244: “=”: 从“int”转换到“float”，可能丢失数据
     1>src\gameCommon.cpp(309): warning C4244: “=”: 从“int”转换到“float”，可能丢失数据
         detect.cpp
     1>D:\xmotion\include\tzk/opencv.h(232): warning C4244: “初始化”: 从“float”转换到“int”，可能丢失数据
     1>D:\xmotion\include\tzk/opencv.h(242): warning C4244: “初始化”: 从“float”转换到“int”，可能丢失数据
     1>D:\xmotion\include\tzk/opencv.h(243): warning C4244: “初始化”: 从“float”转换到“int”，可能丢失数据
     1>D:\xmotion\include\tzk/opencv.h(269): warning C4305: “参数”: 从“double”到“float”截断
     1>D:\xmotion\include\tzk/opencv.h(272): warning C4305: “参数”: 从“double”到“float”截断
     1>src\detect.cpp(108): warning C4244: “=”: 从“intptr_t”转换到“long”，可能丢失数据
     1>src\detect.cpp(151): warning C4267: “参数”: 从“size_t”转换到“int”，可能丢失数据
     1>src\detect.cpp(192): warning C4244: “参数”: 从“int”转换到“float”，可能丢失数据
     1>src\detect.cpp(196): warning C4244: “参数”: 从“int”转换到“float”，可能丢失数据
     1>src\detect.cpp(200): warning C4244: “参数”: 从“int”转换到“float”，可能丢失数据
     1>src\detect.cpp(204): warning C4244: “参数”: 从“int”转换到“float”，可能丢失数据
     1>src\detect.cpp(309): warning C4267: “=”: 从“size_t”转换到“int”，可能丢失数据
     1>src\detect.cpp(420): warning C4267: “参数”: 从“size_t”转换到“int”，可能丢失数据
     1>src\detect.cpp(453): warning C4267: “参数”: 从“size_t”转换到“int”，可能丢失数据
         cameraCelib.cpp
     1>D:\xmotion\include\tzk/opencv.h(232): warning C4244: “初始化”: 从“float”转换到“int”，可能丢失数据
     1>D:\xmotion\include\tzk/opencv.h(242): warning C4244: “初始化”: 从“float”转换到“int”，可能丢失数据
     1>D:\xmotion\include\tzk/opencv.h(243): warning C4244: “初始化”: 从“float”转换到“int”，可能丢失数据
     1>D:\xmotion\include\tzk/opencv.h(269): warning C4305: “参数”: 从“double”到“float”截断
     1>D:\xmotion\include\tzk/opencv.h(272): warning C4305: “参数”: 从“double”到“float”截断
     1>src\cameraCelib.cpp(130): warning C4244: “初始化”: 从“int”转换到“float”，可能丢失数据
     1>src\cameraCelib.cpp(138): warning C4244: “初始化”: 从“double”转换到“float”，可能丢失数据
     1>src\cameraCelib.cpp(397): warning C4244: “参数”: 从“int”转换到“float”，可能丢失数据
     1>src\cameraCelib.cpp(415): warning C4244: “参数”: 从“int”转换到“float”，可能丢失数据
     1>src\cameraCelib.cpp(419): warning C4244: “参数”: 从“int”转换到“float”，可能丢失数据
         正在生成代码...
       Link:
         C:\Program Files (x86)\Microsoft Visual Studio 12.0\VC\bin\x86_amd64\link.exe /ERRORREPORT:PROMPT /OUT:"D:\xmotion\\bin\bodydet.exe" /INCREMENTAL /NOLOGO kernel32.lib user32.lib gdi32.lib winspool.lib comdlg32.lib advapi32.lib shell32.lib ole32.lib oleaut32.lib uuid.lib odbc32.lib odbccp32.lib /MANIFEST /MANIFESTUAC:"level='asInvoker' uiAccess='false'" /manifest:embed /DEBUG /PDB:"D:\xmotion\\bin\bodydet.pdb" /SUBSYSTEM:CONSOLE /TLBID:1 /DYNAMICBASE /NXCOMPAT /IMPLIB:"D:\xmotion\\bin\bodydet.lib" /MACHINE:X64 x64\Debug\cameraCelib.obj
         x64\Debug\detect.obj
         x64\Debug\gameCommon.obj
         x64\Debug\main.obj
         x64\Debug\motionDetection.obj
         bodydet.vcxproj -> D:\xmotion\\bin\bodydet.exe
     1>已完成生成项目“D:\xmotion\bodydet.vcxproj”(Rebuild 个目标)的操作。

生成成功。

已用时间 00:00:05.62
